<?xml version="1.0" encoding="UTF-8"?>
<!-- Generated by org.testng.reporters.JUnitReportReporter -->
<testsuite hostname="LAPTOP-V1NTB097" failures="0" tests="1" name="addffa.aadatest" time="0.111" errors="0" timestamp="2023-01-04T10:48:56 IST" skipped="0">
  <testcase classname="addffa.aadatest" name="reg" time="0.111"/>
  <system-out/>
</testsuite> <!-- addffa.aadatest -->
