<?xml version="1.0" encoding="UTF-8"?>
<!-- Generated by org.testng.reporters.JUnitReportReporter -->
<testsuite hostname="LAPTOP-V1NTB097" failures="0" tests="1" name="com.ADS.BaseClass.Base" time="11.265" errors="0" timestamp="2023-01-04T20:07:56 IST" skipped="0">
  <testcase classname="com.ADS.BaseClass.Base" name="LaunchBrowser" time="11.265"/>
  <system-out/>
</testsuite> <!-- com.ADS.BaseClass.Base -->
