<?xml version="1.0" encoding="UTF-8"?>
<!-- Generated by org.testng.reporters.JUnitReportReporter -->
<testsuite hostname="LAPTOP-V1NTB097" failures="0" tests="2" name="TestCases.HomePageTest" time="2.673" errors="0" timestamp="2023-03-15T22:48:51 IST" skipped="0">
  <testcase classname="TestCases.HomePageTest" name="type" time="2.448"/>
  <system-out/>
  <testcase classname="TestCases.HomePageTest" name="Webtable" time="0.225"/>
  <system-out/>
</testsuite> <!-- TestCases.HomePageTest -->
