<?xml version="1.0" encoding="UTF-8"?>
<!-- Generated by org.testng.reporters.JUnitReportReporter -->
<testsuite hostname="LAPTOP-V1NTB097" failures="0" tests="2" name="TestCases.HomePageTest" time="2.552" errors="0" timestamp="2023-03-20T13:20:39 IST" skipped="0">
  <testcase classname="TestCases.HomePageTest" name="type" time="2.475"/>
  <system-out/>
  <testcase classname="TestCases.HomePageTest" name="Webtable" time="0.077"/>
  <system-out/>
</testsuite> <!-- TestCases.HomePageTest -->
