<?xml version="1.0" encoding="UTF-8"?>
<!-- Generated by org.testng.reporters.JUnitReportReporter -->
<testsuite hostname="LAPTOP-V1NTB097" failures="0" tests="2" name="TestCases.HomePageTest" time="2.874" errors="0" timestamp="2023-03-21T10:45:30 IST" skipped="0">
  <testcase classname="TestCases.HomePageTest" name="type" time="2.772"/>
  <system-out/>
  <testcase classname="TestCases.HomePageTest" name="Webtable" time="0.102"/>
  <system-out/>
</testsuite> <!-- TestCases.HomePageTest -->
